2014/09/30 19:22:36 にビルドを開始しました。
     1>ノード 2 上のプロジェクト "C:\Users\aiko.FFRI\Documents\GitHub\pe-parse\vc++\pe-parse\pe-parse\pe-parse.vcxproj" (build ターゲット)。
     1>PrepareForBuild:
         ディレクトリ "C:\Users\aiko.FFRI\Documents\GitHub\pe-parse\vc++\pe-parse\Debug\" を作成しています。
       InitializeBuildStatus:
         "AlwaysCreate" が指定されたため "Debug\pe-parse.unsuccessfulbuild" を作成しています。
       ClCompile:
         C:\Program Files (x86)\Microsoft Visual Studio 10.0\VC\bin\CL.exe /c /ZI /nologo /W3 /WX- /Od /Oy- /D WIN32 /D _DEBUG /D _CONSOLE /Gm /EHsc /RTC1 /MDd /GS /fp:precise /Zc:wchar_t /Zc:forScope /Fo"Debug\\" /Fd"Debug\vc100.pdb" /Gd /TP /analyze- /errorReport:prompt buffer.cpp dump.cpp parse.cpp
         parse.cpp
     1>c:\users\aiko.ffri\documents\github\pe-parse\vc++\pe-parse\pe-parse\parse.cpp(135): warning C4018: '<' : signed と unsigned の数値を比較しようとしました。
     1>c:\users\aiko.ffri\documents\github\pe-parse\vc++\pe-parse\pe-parse\parse.cpp(162): warning C4018: '<' : signed と unsigned の数値を比較しようとしました。
     1>c:\users\aiko.ffri\documents\github\pe-parse\vc++\pe-parse\pe-parse\parse.cpp(668): warning C4244: '初期化中' : 'VA' から 'uint32_t' への変換です。データが失われる可能性があります。
     1>c:\users\aiko.ffri\documents\github\pe-parse\vc++\pe-parse\pe-parse\parse.cpp(696): warning C4244: '初期化中' : 'VA' から 'uint32_t' への変換です。データが失われる可能性があります。
     1>c:\users\aiko.ffri\documents\github\pe-parse\vc++\pe-parse\pe-parse\parse.cpp(750): warning C4244: '初期化中' : 'VA' から 'uint32_t' への変換です。データが失われる可能性があります。
     1>c:\users\aiko.ffri\documents\github\pe-parse\vc++\pe-parse\pe-parse\parse.cpp(778): warning C4244: '初期化中' : 'VA' から 'uint32_t' への変換です。データが失われる可能性があります。
     1>c:\users\aiko.ffri\documents\github\pe-parse\vc++\pe-parse\pe-parse\parse.cpp(817): warning C4244: '初期化中' : 'VA' から 'uint32_t' への変換です。データが失われる可能性があります。
     1>c:\users\aiko.ffri\documents\github\pe-parse\vc++\pe-parse\pe-parse\parse.cpp(846): warning C4244: '初期化中' : 'VA' から 'uint32_t' への変換です。データが失われる可能性があります。
     1>c:\users\aiko.ffri\documents\github\pe-parse\vc++\pe-parse\pe-parse\parse.cpp(892): warning C4244: '=' : 'uint64_t' から 'uint32_t' への変換です。データが失われる可能性があります。
     1>c:\users\aiko.ffri\documents\github\pe-parse\vc++\pe-parse\pe-parse\parse.cpp(940): warning C4244: '初期化中' : 'VA' から 'uint32_t' への変換です。データが失われる可能性があります。
     1>c:\users\aiko.ffri\documents\github\pe-parse\vc++\pe-parse\pe-parse\parse.cpp(985): warning C4244: '=' : 'uint64_t' から 'uint32_t' への変換です。データが失われる可能性があります。
     1>c:\users\aiko.ffri\documents\github\pe-parse\vc++\pe-parse\pe-parse\parse.cpp(1036): warning C4244: '初期化中' : 'VA' から 'uint32_t' への変換です。データが失われる可能性があります。
     1>c:\users\aiko.ffri\documents\github\pe-parse\vc++\pe-parse\pe-parse\parse.cpp(1071): warning C4244: '初期化中' : 'VA' から 'uint32_t' への変換です。データが失われる可能性があります。
     1>c:\users\aiko.ffri\documents\github\pe-parse\vc++\pe-parse\pe-parse\parse.cpp(1125): warning C4244: '引数' : 'uint64_t' から 'uint32_t' への変換です。データが失われる可能性があります。
     1>c:\users\aiko.ffri\documents\github\pe-parse\vc++\pe-parse\pe-parse\parse.cpp(1136): warning C4244: '引数' : 'uint64_t' から 'uint32_t' への変換です。データが失われる可能性があります。
     1>c:\users\aiko.ffri\documents\github\pe-parse\vc++\pe-parse\pe-parse\parse.cpp(1161): warning C4244: '初期化中' : 'VA' から 'uint32_t' への変換です。データが失われる可能性があります。
     1>c:\users\aiko.ffri\documents\github\pe-parse\vc++\pe-parse\pe-parse\parse.cpp(1315): warning C4244: '初期化中' : 'VA' から 'uint32_t' への変換です。データが失われる可能性があります。
         dump.cpp
     1>c:\users\aiko.ffri\documents\github\pe-parse\vc++\pe-parse\pe-parse\dump.cpp(38): warning C4244: '引数' : 'VA' から 'uint32_t' への変換です。データが失われる可能性があります。
     1>c:\users\aiko.ffri\documents\github\pe-parse\vc++\pe-parse\pe-parse\dump.cpp(44): warning C4244: '引数' : 'VA' から 'uint32_t' への変換です。データが失われる可能性があります。
     1>c:\users\aiko.ffri\documents\github\pe-parse\vc++\pe-parse\pe-parse\dump.cpp(174): warning C4244: '引数' : 'uint64_t' から 'uint32_t' への変換です。データが失われる可能性があります。
     1>c:\users\aiko.ffri\documents\github\pe-parse\vc++\pe-parse\pe-parse\dump.cpp(185): warning C4244: '引数' : 'uint64_t' から 'uint32_t' への変換です。データが失われる可能性があります。
     1>c:\users\aiko.ffri\documents\github\pe-parse\vc++\pe-parse\pe-parse\dump.cpp(186): warning C4244: '引数' : 'uint64_t' から 'uint32_t' への変換です。データが失われる可能性があります。
     1>c:\users\aiko.ffri\documents\github\pe-parse\vc++\pe-parse\pe-parse\dump.cpp(187): warning C4244: '引数' : 'uint64_t' から 'uint32_t' への変換です。データが失われる可能性があります。
     1>c:\users\aiko.ffri\documents\github\pe-parse\vc++\pe-parse\pe-parse\dump.cpp(188): warning C4244: '引数' : 'uint64_t' から 'uint32_t' への変換です。データが失われる可能性があります。
         buffer.cpp
         コードを生成中...
       ManifestResourceCompile:
         C:\Program Files (x86)\Microsoft SDKs\Windows\v7.0A\bin\rc.exe /nologo /fo"Debug\pe-parse.exe.embed.manifest.res" Debug\pe-parse_manifest.rc 
       Link:
         C:\Program Files (x86)\Microsoft Visual Studio 10.0\VC\bin\link.exe /ERRORREPORT:PROMPT /OUT:"C:\Users\aiko.FFRI\Documents\GitHub\pe-parse\vc++\pe-parse\Debug\pe-parse.exe" /INCREMENTAL /NOLOGO kernel32.lib user32.lib gdi32.lib winspool.lib comdlg32.lib advapi32.lib shell32.lib ole32.lib oleaut32.lib uuid.lib odbc32.lib odbccp32.lib /MANIFEST /ManifestFile:"Debug\pe-parse.exe.intermediate.manifest" /MANIFESTUAC:"level='asInvoker' uiAccess='false'" /DEBUG /PDB:"C:\Users\aiko.FFRI\Documents\GitHub\pe-parse\vc++\pe-parse\Debug\pe-parse.pdb" /SUBSYSTEM:CONSOLE /TLBID:1 /DYNAMICBASE /NXCOMPAT /IMPLIB:"C:\Users\aiko.FFRI\Documents\GitHub\pe-parse\vc++\pe-parse\Debug\pe-parse.lib" /MACHINE:X86 "Debug\pe-parse.exe.embed.manifest.res"
         Debug\buffer.obj
         Debug\dump.obj
         Debug\parse.obj
       Manifest:
         C:\Program Files (x86)\Microsoft SDKs\Windows\v7.0A\bin\mt.exe /nologo /verbose /out:"Debug\pe-parse.exe.embed.manifest" /manifest "Debug\pe-parse.exe.intermediate.manifest"
         C:\Program Files (x86)\Microsoft SDKs\Windows\v7.0A\bin\rc.exe /nologo /fo"Debug\pe-parse.exe.embed.manifest.res" Debug\pe-parse_manifest.rc 
       LinkEmbedManifest:
         C:\Program Files (x86)\Microsoft Visual Studio 10.0\VC\bin\link.exe /ERRORREPORT:PROMPT /OUT:"C:\Users\aiko.FFRI\Documents\GitHub\pe-parse\vc++\pe-parse\Debug\pe-parse.exe" /INCREMENTAL /NOLOGO kernel32.lib user32.lib gdi32.lib winspool.lib comdlg32.lib advapi32.lib shell32.lib ole32.lib oleaut32.lib uuid.lib odbc32.lib odbccp32.lib /MANIFEST /ManifestFile:"Debug\pe-parse.exe.intermediate.manifest" /MANIFESTUAC:"level='asInvoker' uiAccess='false'" /DEBUG /PDB:"C:\Users\aiko.FFRI\Documents\GitHub\pe-parse\vc++\pe-parse\Debug\pe-parse.pdb" /SUBSYSTEM:CONSOLE /TLBID:1 /DYNAMICBASE /NXCOMPAT /IMPLIB:"C:\Users\aiko.FFRI\Documents\GitHub\pe-parse\vc++\pe-parse\Debug\pe-parse.lib" /MACHINE:X86 "Debug\pe-parse.exe.embed.manifest.res"
         Debug\buffer.obj
         Debug\dump.obj
         Debug\parse.obj
         pe-parse.vcxproj -> C:\Users\aiko.FFRI\Documents\GitHub\pe-parse\vc++\pe-parse\Debug\pe-parse.exe
       FinalizeBuildStatus:
         ファイル "Debug\pe-parse.unsuccessfulbuild" を削除しています。
         "Debug\pe-parse.lastbuildstate" のタッチ タスクを実行しています。
     1>プロジェクト "C:\Users\aiko.FFRI\Documents\GitHub\pe-parse\vc++\pe-parse\pe-parse\pe-parse.vcxproj" (build ターゲット) のビルドが完了しました。

ビルドに成功しました。

経過時間 00:00:09.60
